2026-04-15 20:04:55,789 - INFO - ===== INICIO DEL PROCESO ETL =====
2026-04-15 20:04:55,792 - CRITICAL - Fallo conexión BD: connection to server at "postgres" (172.21.0.2), port 5433 failed: Connection refused
	Is the server running on that host and accepting TCP/IP connections?

2026-04-15 20:04:57,418 - INFO - ===== INICIO DEL PROCESO ETL =====
2026-04-15 20:04:57,420 - CRITICAL - Fallo conexión BD: connection to server at "postgres" (172.21.0.2), port 5433 failed: Connection refused
	Is the server running on that host and accepting TCP/IP connections?

2026-04-15 20:04:58,810 - INFO - ===== INICIO DEL PROCESO ETL =====
2026-04-15 20:04:58,812 - CRITICAL - Fallo conexión BD: connection to server at "postgres" (172.21.0.2), port 5433 failed: Connection refused
	Is the server running on that host and accepting TCP/IP connections?

2026-04-15 20:05:00,333 - INFO - ===== INICIO DEL PROCESO ETL =====
2026-04-15 20:05:00,335 - CRITICAL - Fallo conexión BD: connection to server at "postgres" (172.21.0.2), port 5433 failed: Connection refused
	Is the server running on that host and accepting TCP/IP connections?

2026-04-15 20:05:02,387 - INFO - ===== INICIO DEL PROCESO ETL =====
2026-04-15 20:05:02,388 - CRITICAL - Fallo conexión BD: connection to server at "postgres" (172.21.0.2), port 5433 failed: Connection refused
	Is the server running on that host and accepting TCP/IP connections?

2026-04-15 20:05:05,435 - INFO - ===== INICIO DEL PROCESO ETL =====
2026-04-15 20:05:05,436 - CRITICAL - Fallo conexión BD: connection to server at "postgres" (172.21.0.2), port 5433 failed: Connection refused
	Is the server running on that host and accepting TCP/IP connections?

2026-04-15 20:05:10,939 - INFO - ===== INICIO DEL PROCESO ETL =====
2026-04-15 20:05:10,941 - CRITICAL - Fallo conexión BD: connection to server at "postgres" (172.21.0.2), port 5433 failed: Connection refused
	Is the server running on that host and accepting TCP/IP connections?

2026-04-15 20:05:18,665 - INFO - ===== INICIO DEL PROCESO ETL =====
2026-04-15 20:05:18,667 - CRITICAL - Fallo conexión BD: connection to server at "postgres" (172.21.0.2), port 5433 failed: Connection refused
	Is the server running on that host and accepting TCP/IP connections?

2026-04-15 20:05:32,702 - INFO - ===== INICIO DEL PROCESO ETL =====
2026-04-15 20:05:32,704 - CRITICAL - Fallo conexión BD: connection to server at "postgres" (172.21.0.2), port 5433 failed: Connection refused
	Is the server running on that host and accepting TCP/IP connections?

2026-04-15 20:07:43,402 - INFO - ===== INICIO DEL PROCESO ETL =====
2026-04-15 20:07:43,406 - CRITICAL - Fallo conexión BD: connection to server at "postgres" (172.21.0.2), port 5433 failed: Connection refused
	Is the server running on that host and accepting TCP/IP connections?

2026-04-15 20:07:44,978 - INFO - ===== INICIO DEL PROCESO ETL =====
2026-04-15 20:07:44,980 - CRITICAL - Fallo conexión BD: connection to server at "postgres" (172.21.0.2), port 5433 failed: Connection refused
	Is the server running on that host and accepting TCP/IP connections?

2026-04-15 20:07:46,525 - INFO - ===== INICIO DEL PROCESO ETL =====
2026-04-15 20:07:46,528 - CRITICAL - Fallo conexión BD: connection to server at "postgres" (172.21.0.2), port 5433 failed: Connection refused
	Is the server running on that host and accepting TCP/IP connections?

2026-04-15 20:07:49,096 - INFO - ===== INICIO DEL PROCESO ETL =====
2026-04-15 20:07:49,098 - CRITICAL - Fallo conexión BD: connection to server at "postgres" (172.21.0.2), port 5433 failed: Connection refused
	Is the server running on that host and accepting TCP/IP connections?

2026-04-15 20:07:51,094 - INFO - ===== INICIO DEL PROCESO ETL =====
2026-04-15 20:07:51,096 - CRITICAL - Fallo conexión BD: connection to server at "postgres" (172.21.0.2), port 5433 failed: Connection refused
	Is the server running on that host and accepting TCP/IP connections?

2026-04-15 20:07:54,215 - INFO - ===== INICIO DEL PROCESO ETL =====
2026-04-15 20:07:54,216 - CRITICAL - Fallo conexión BD: connection to server at "postgres" (172.21.0.2), port 5433 failed: Connection refused
	Is the server running on that host and accepting TCP/IP connections?

2026-04-15 20:07:58,607 - INFO - ===== INICIO DEL PROCESO ETL =====
2026-04-15 20:07:58,609 - CRITICAL - Fallo conexión BD: connection to server at "postgres" (172.21.0.2), port 5433 failed: Connection refused
	Is the server running on that host and accepting TCP/IP connections?

2026-04-15 20:10:27,339 - INFO - ===== INICIO DEL PROCESO ETL =====
2026-04-15 20:10:27,341 - CRITICAL - Fallo conexión BD: connection to server at "postgres" (172.21.0.2), port 5433 failed: Connection refused
	Is the server running on that host and accepting TCP/IP connections?

2026-04-15 20:10:28,885 - INFO - ===== INICIO DEL PROCESO ETL =====
2026-04-15 20:10:28,887 - CRITICAL - Fallo conexión BD: connection to server at "postgres" (172.21.0.2), port 5433 failed: Connection refused
	Is the server running on that host and accepting TCP/IP connections?

2026-04-15 20:10:30,251 - INFO - ===== INICIO DEL PROCESO ETL =====
2026-04-15 20:10:30,253 - CRITICAL - Fallo conexión BD: connection to server at "postgres" (172.21.0.2), port 5433 failed: Connection refused
	Is the server running on that host and accepting TCP/IP connections?

2026-04-15 20:10:31,827 - INFO - ===== INICIO DEL PROCESO ETL =====
2026-04-15 20:10:31,828 - CRITICAL - Fallo conexión BD: connection to server at "postgres" (172.21.0.2), port 5433 failed: Connection refused
	Is the server running on that host and accepting TCP/IP connections?

2026-04-15 20:10:33,757 - INFO - ===== INICIO DEL PROCESO ETL =====
2026-04-15 20:10:33,758 - CRITICAL - Fallo conexión BD: connection to server at "postgres" (172.21.0.2), port 5433 failed: Connection refused
	Is the server running on that host and accepting TCP/IP connections?

2026-04-15 20:10:36,702 - INFO - ===== INICIO DEL PROCESO ETL =====
2026-04-15 20:10:36,703 - CRITICAL - Fallo conexión BD: connection to server at "postgres" (172.21.0.2), port 5433 failed: Connection refused
	Is the server running on that host and accepting TCP/IP connections?

2026-04-15 20:10:41,293 - INFO - ===== INICIO DEL PROCESO ETL =====
2026-04-15 20:10:41,295 - CRITICAL - Fallo conexión BD: connection to server at "postgres" (172.21.0.2), port 5433 failed: Connection refused
	Is the server running on that host and accepting TCP/IP connections?

2026-04-15 20:10:49,875 - INFO - ===== INICIO DEL PROCESO ETL =====
2026-04-15 20:10:49,879 - CRITICAL - Fallo conexión BD: connection to server at "postgres" (172.21.0.2), port 5433 failed: Connection refused
	Is the server running on that host and accepting TCP/IP connections?

2026-04-15 20:11:04,240 - INFO - ===== INICIO DEL PROCESO ETL =====
2026-04-15 20:11:04,242 - CRITICAL - Fallo conexión BD: connection to server at "postgres" (172.21.0.2), port 5433 failed: Connection refused
	Is the server running on that host and accepting TCP/IP connections?

2026-04-15 20:11:31,946 - INFO - ===== INICIO DEL PROCESO ETL =====
2026-04-15 20:11:31,948 - CRITICAL - Fallo conexión BD: connection to server at "postgres" (172.21.0.2), port 5433 failed: Connection refused
	Is the server running on that host and accepting TCP/IP connections?

2026-04-15 20:12:28,484 - INFO - ===== INICIO DEL PROCESO ETL =====
2026-04-15 20:12:28,500 - INFO - Conectado a PostgreSQL
2026-04-15 20:12:28,872 - INFO - Leticia - Temp:33.02 TMin:33.02 TMax:33.02 Hum:70 Viento:1.58
2026-04-15 20:12:29,211 - INFO - Medellín - Temp:22.88 TMin:22.88 TMax:22.88 Hum:83 Viento:0.3
2026-04-15 20:12:29,557 - INFO - Arauca - Temp:25.3 TMin:25.3 TMax:25.3 Hum:86 Viento:2.22
2026-04-15 20:12:29,896 - INFO - Barranquilla - Temp:30.58 TMin:30.58 TMax:30.58 Hum:59 Viento:7.84
2026-04-15 20:12:30,236 - INFO - Cartagena - Temp:29.34 TMin:29.34 TMax:29.34 Hum:70 Viento:10.3
2026-04-15 20:12:30,840 - INFO - Tunja - Temp:11.75 TMin:11.75 TMax:11.75 Hum:92 Viento:0.29
2026-04-15 20:12:31,200 - INFO - Manizales - Temp:20.17 TMin:20.17 TMax:20.17 Hum:81 Viento:1.47
2026-04-15 20:12:31,542 - INFO - Florencia - Temp:27.76 TMin:27.76 TMax:27.76 Hum:79 Viento:0.72
2026-04-15 20:12:31,909 - INFO - Yopal - Temp:25.48 TMin:25.48 TMax:25.48 Hum:81 Viento:1.27
2026-04-15 20:12:32,257 - INFO - Popayán - Temp:19.71 TMin:19.71 TMax:19.71 Hum:89 Viento:1.5
2026-04-15 20:12:32,746 - INFO - Valledupar - Temp:36.68 TMin:36.68 TMax:36.68 Hum:33 Viento:3.61
2026-04-15 20:12:33,085 - INFO - Quibdó - Temp:31.84 TMin:31.84 TMax:31.84 Hum:77 Viento:1.12
2026-04-15 20:12:33,423 - INFO - Montería - Temp:30.21 TMin:30.21 TMax:30.21 Hum:60 Viento:4.54
2026-04-15 20:12:33,780 - INFO - Bogotá - Temp:14.05 TMin:14.05 TMax:14.05 Hum:90 Viento:1.56
2026-04-15 20:12:34,141 - INFO - Inírida - Temp:28.34 TMin:28.34 TMax:28.34 Hum:80 Viento:2.44
2026-04-15 20:12:34,530 - INFO - San José del Guaviare - Temp:27.58 TMin:27.58 TMax:27.58 Hum:80 Viento:1.14
2026-04-15 20:12:34,917 - INFO - Neiva - Temp:24.43 TMin:24.43 TMax:24.43 Hum:83 Viento:0.58
2026-04-15 20:12:35,286 - INFO - Riohacha - Temp:30.09 TMin:30.09 TMax:30.09 Hum:65 Viento:8.61
2026-04-15 20:12:35,737 - INFO - Santa Marta - Temp:30.97 TMin:30.97 TMax:30.97 Hum:65 Viento:9.11
2026-04-15 20:12:36,096 - INFO - Villavicencio - Temp:27.44 TMin:27.44 TMax:27.44 Hum:90 Viento:1.15
2026-04-15 20:12:36,459 - INFO - Pasto - Temp:16.02 TMin:16.02 TMax:16.02 Hum:82 Viento:2.16
2026-04-15 20:12:36,818 - INFO - Cúcuta - Temp:27.9 TMin:27.9 TMax:27.9 Hum:66 Viento:0.75
2026-04-15 20:12:37,201 - INFO - Armenia - Temp:21.82 TMin:21.82 TMax:21.82 Hum:82 Viento:1.3
2026-04-15 20:12:37,567 - INFO - Pereira - Temp:21.39 TMin:21.39 TMax:21.39 Hum:81 Viento:1
2026-04-15 20:12:37,910 - INFO - San Andrés - Temp:30.13 TMin:30.13 TMax:30.13 Hum:67 Viento:5.43
2026-04-15 20:12:38,283 - INFO - Bucaramanga - Temp:25.76 TMin:25.76 TMax:25.76 Hum:75 Viento:0.72
2026-04-15 20:12:38,633 - INFO - Sincelejo - Temp:29.76 TMin:29.76 TMax:29.76 Hum:60 Viento:2.68
2026-04-15 20:12:38,984 - INFO - Ibagué - Temp:21.46 TMin:21.46 TMax:21.46 Hum:88 Viento:1.18
2026-04-15 20:12:39,327 - INFO - Cali - Temp:24.34 TMin:24.34 TMax:24.34 Hum:77 Viento:1.29
2026-04-15 20:12:39,692 - INFO - Mitú - Temp:33.02 TMin:33.02 TMax:33.02 Hum:59 Viento:0.32
2026-04-15 20:12:40,055 - INFO - Puerto Carreño - Temp:33.69 TMin:33.69 TMax:33.69 Hum:56 Viento:2.17
2026-04-15 20:12:40,068 - INFO - Datos guardados en CSV
2026-04-15 20:12:40,072 - INFO - Total ciudades: 31
2026-04-15 20:12:40,072 - INFO - Total alertas: 2
2026-04-15 20:12:40,072 - INFO - Total errores: 0
2026-04-15 20:12:40,072 - INFO - ===== FIN DEL PROCESO ETL =====
2026-04-15 20:30:50,673 - INFO - ===== INICIO DEL PROCESO ETL =====
2026-04-15 20:30:50,693 - INFO - Conectado a PostgreSQL
2026-04-15 20:30:51,066 - INFO - Leticia - Temp:28.53 TMin:28.53 TMax:28.53 Hum:75 Viento:1.64
2026-04-15 20:30:51,422 - INFO - Medellín - Temp:22.95 TMin:22.95 TMax:22.95 Hum:83 Viento:0.3
2026-04-15 20:30:51,758 - INFO - Arauca - Temp:24.97 TMin:24.97 TMax:24.97 Hum:88 Viento:1.96
2026-04-15 20:30:52,117 - INFO - Barranquilla - Temp:30.4 TMin:30.4 TMax:30.4 Hum:62 Viento:7.84
2026-04-15 20:30:52,446 - INFO - Cartagena - Temp:29.23 TMin:29.23 TMax:29.23 Hum:70 Viento:10.3
2026-04-15 20:30:52,792 - INFO - Tunja - Temp:11.8 TMin:11.8 TMax:11.8 Hum:92 Viento:0.29
2026-04-15 20:30:53,135 - INFO - Manizales - Temp:20.29 TMin:20.29 TMax:20.29 Hum:81 Viento:1.47
2026-04-15 20:30:53,483 - INFO - Florencia - Temp:26.79 TMin:26.79 TMax:26.79 Hum:81 Viento:0.62
2026-04-15 20:30:53,840 - INFO - Yopal - Temp:24.82 TMin:24.82 TMax:24.82 Hum:86 Viento:0.85
2026-04-15 20:30:54,171 - INFO - Popayán - Temp:19.84 TMin:19.84 TMax:19.84 Hum:89 Viento:1.5
2026-04-15 20:30:54,514 - INFO - Valledupar - Temp:36.74 TMin:36.74 TMax:36.74 Hum:30 Viento:3.61
2026-04-15 20:30:54,862 - INFO - Quibdó - Temp:31.38 TMin:31.38 TMax:31.38 Hum:89 Viento:1.1
2026-04-15 20:30:55,206 - INFO - Montería - Temp:27.97 TMin:27.97 TMax:27.97 Hum:64 Viento:5.73
2026-04-15 20:30:55,610 - INFO - Bogotá - Temp:14.15 TMin:14.15 TMax:14.15 Hum:89 Viento:1.56
2026-04-15 20:30:56,005 - INFO - Inírida - Temp:26.99 TMin:26.99 TMax:26.99 Hum:86 Viento:2.08
2026-04-15 20:30:56,374 - INFO - San José del Guaviare - Temp:27.02 TMin:27.02 TMax:27.02 Hum:83 Viento:1.5
2026-04-15 20:30:56,727 - INFO - Neiva - Temp:25.56 TMin:25.56 TMax:25.56 Hum:82 Viento:0.23
2026-04-15 20:30:57,193 - INFO - Riohacha - Temp:29.07 TMin:29.07 TMax:29.07 Hum:67 Viento:8.36
2026-04-15 20:30:57,536 - INFO - Santa Marta - Temp:30.85 TMin:30.85 TMax:30.85 Hum:64 Viento:9.11
2026-04-15 20:30:57,883 - INFO - Villavicencio - Temp:28.17 TMin:28.17 TMax:28.17 Hum:91 Viento:1.94
2026-04-15 20:30:58,231 - INFO - Pasto - Temp:16.02 TMin:16.02 TMax:16.02 Hum:82 Viento:2.16
2026-04-15 20:30:58,577 - INFO - Cúcuta - Temp:28 TMin:28 TMax:28 Hum:62 Viento:0.75
2026-04-15 20:30:58,928 - INFO - Armenia - Temp:21.58 TMin:21.58 TMax:21.58 Hum:84 Viento:1.28
2026-04-15 20:30:59,281 - INFO - Pereira - Temp:21.54 TMin:21.54 TMax:21.54 Hum:82 Viento:1
2026-04-15 20:30:59,618 - INFO - San Andrés - Temp:29.69 TMin:29.69 TMax:29.69 Hum:64 Viento:5.32
2026-04-15 20:30:59,961 - INFO - Bucaramanga - Temp:25.75 TMin:25.75 TMax:25.75 Hum:78 Viento:0.72
2026-04-15 20:31:00,316 - INFO - Sincelejo - Temp:28.49 TMin:28.49 TMax:28.49 Hum:63 Viento:4.33
2026-04-15 20:31:00,652 - INFO - Ibagué - Temp:21.53 TMin:21.53 TMax:21.53 Hum:87 Viento:1.18
2026-04-15 20:31:01,010 - INFO - Cali - Temp:24.16 TMin:24.16 TMax:24.16 Hum:76 Viento:1.84
2026-04-15 20:31:01,377 - INFO - Mitú - Temp:27.62 TMin:27.62 TMax:27.62 Hum:72 Viento:0.96
2026-04-15 20:31:01,733 - INFO - Puerto Carreño - Temp:34 TMin:34 TMax:34 Hum:42 Viento:1.75
2026-04-15 20:31:01,746 - INFO - Datos guardados en CSV
2026-04-15 20:31:01,749 - INFO - Total ciudades: 31
2026-04-15 20:31:01,749 - INFO - Total alertas: 3
2026-04-15 20:31:01,749 - INFO - Total errores: 0
2026-04-15 20:31:01,749 - INFO - ===== FIN DEL PROCESO ETL =====
